Flutter crash report.
Please report a bug at https://github.com/flutter/flutter/issues.

## command

flutter run -d chrome --web-renderer html

## exception

StateError: Bad state: Cannot add event after closing

```
#0      _StreamController.add (dart:async/stream_controller.dart:553:24)
#1      _StreamSinkWrapper.add (dart:async/stream_controller.dart:826:13)
#2      AppConnection.runMain (package:dwds/src/connections/app_connection.dart:33:22)
#3      WebDevFS.connect.<anonymous closure> (package:flutter_tools/src/isolated/devfs_web.dart:669:25)
<asynchronous suspension>
```

## flutter doctor

```
[✓] Flutter (Channel stable, 2.2.2, on Linux, locale en_US.UTF-8)
    • Flutter version 2.2.2 at /home/hedighodhbane/fvm/versions/2.2.2
    • Framework revision d79295af24 (2 weeks ago), 2021-06-11 08:56:01 -0700
    • Engine revision 91c9fc8fe0
    • Dart version 2.13.3

[!] Android toolchain - develop for Android devices (Android SDK version 30.0.3)
    • Android SDK at /home/hedighodhbane/Android/Sdk
    • Platform android-30, build-tools 30.0.3
    • Java binary at: /home/hedighodhbane/Downloads/android-studio/jre/bin/java
    • Java version OpenJDK Runtime Environment (build 11.0.8+0-b944-P17168821)
    ! Some Android licenses not accepted.  To resolve this, run: flutter doctor --android-licenses

[✓] Chrome - develop for the web
    • Chrome at google-chrome

[✓] Android Studio (version 4.2)
    • Android Studio at /home/hedighodhbane/Downloads/android-studio
    • Flutter plugin can be installed from:
      🔨 https://plugins.jetbrains.com/plugin/9212-flutter
    • Dart plugin can be installed from:
      🔨 https://plugins.jetbrains.com/plugin/6351-dart
    • Java version OpenJDK Runtime Environment (build 11.0.8+0-b944-P17168821)

[✓] Connected device (1 available)
    • Chrome (web) • chrome • web-javascript • Google Chrome 91.0.4472.114

! Doctor found issues in 1 category.
```
